# JRE version: OpenJDK Runtime Environment (8.0_242-b01) (build 1.8.0_242-release-1644-b01)
# Java VM: OpenJDK 64-Bit Server VM (25.242-b01 mixed mode windows-amd64 compressed oops)
Heap:
 PSYoungGen      total 310272K, used 72620K [0x00000000d5580000, 0x00000000ea880000, 0x0000000100000000)
  eden space 275456K, 18% used [0x00000000d5580000,0x00000000d883f640,0x00000000e6280000)
  from space 34816K, 59% used [0x00000000e8680000,0x00000000e9aabce0,0x00000000ea880000)
  to   space 35840K, 0% used [0x00000000e6280000,0x00000000e6280000,0x00000000e8580000)
 ParOldGen       total 231936K, used 86903K [0x0000000080000000, 0x000000008e280000, 0x00000000d5580000)
  object space 231936K, 37% used [0x0000000080000000,0x00000000854ddd50,0x000000008e280000)
 Metaspace       used 100641K, capacity 105116K, committed 105384K, reserved 1140736K
  class space    used 13200K, capacity 14161K, committed 14248K, reserved 1048576K
GC Heap History (10 events):
Event: 60.612 GC heap before
{Heap before GC invocations=18 (full 3):
 PSYoungGen      total 227840K, used 227839K [0x00000000d5580000, 0x00000000e5180000, 0x0000000100000000)
  eden space 205824K, 100% used [0x00000000d5580000,0x00000000e1e80000,0x00000000e1e80000)
  from space 22016K, 99% used [0x00000000e3780000,0x00000000e4cffed0,0x00000000e4d00000)
  to   space 25600K, 0% used [0x00000000e1e80000,0x00000000e1e80000,0x00000000e3780000)
 ParOldGen       total 141312K, used 41536K [0x0000000080000000, 0x0000000088a00000, 0x00000000d5580000)
  object space 141312K, 29% used [0x0000000080000000,0x0000000082890280,0x0000000088a00000)
 Metaspace       used 72767K, capacity 75780K, committed 75944K, reserved 1114112K
  class space    used 9889K, capacity 10550K, committed 10664K, reserved 1048576K
Event: 60.675 GC heap after
Heap after GC invocations=18 (full 3):
 PSYoungGen      total 231424K, used 19931K [0x00000000d5580000, 0x00000000e7d80000, 0x0000000100000000)
  eden space 205824K, 0% used [0x00000000d5580000,0x00000000d5580000,0x00000000e1e80000)
  from space 25600K, 77% used [0x00000000e1e80000,0x00000000e31f6f28,0x00000000e3780000)
  to   space 27136K, 0% used [0x00000000e6300000,0x00000000e6300000,0x00000000e7d80000)
 ParOldGen       total 141312K, used 54872K [0x0000000080000000, 0x0000000088a00000, 0x00000000d5580000)
  object space 141312K, 38% used [0x0000000080000000,0x00000000835960e0,0x0000000088a00000)
 Metaspace       used 72767K, capacity 75780K, committed 75944K, reserved 1114112K
  class space    used 9889K, capacity 10550K, committed 10664K, reserved 1048576K
}
Event: 207.195 GC heap before
{Heap before GC invocations=19 (full 3):
 PSYoungGen      total 231424K, used 225755K [0x00000000d5580000, 0x00000000e7d80000, 0x0000000100000000)
  eden space 205824K, 100% used [0x00000000d5580000,0x00000000e1e80000,0x00000000e1e80000)
  from space 25600K, 77% used [0x00000000e1e80000,0x00000000e31f6f28,0x00000000e3780000)
  to   space 27136K, 0% used [0x00000000e6300000,0x00000000e6300000,0x00000000e7d80000)
 ParOldGen       total 141312K, used 54872K [0x0000000080000000, 0x0000000088a00000, 0x00000000d5580000)
  object space 141312K, 38% used [0x0000000080000000,0x00000000835960e0,0x0000000088a00000)
 Metaspace       used 88515K, capacity 92248K, committed 92328K, reserved 1128448K
  class space    used 11822K, capacity 12634K, committed 12712K, reserved 1048576K
Event: 207.290 GC heap after
Heap after GC invocations=19 (full 3):
 PSYoungGen      total 267264K, used 27131K [0x00000000d5580000, 0x00000000e8780000, 0x0000000100000000)
  eden space 240128K, 0% used [0x00000000d5580000,0x00000000d5580000,0x00000000e4000000)
  from space 27136K, 99% used [0x00000000e6300000,0x00000000e7d7efc0,0x00000000e7d80000)
  to   space 35840K, 0% used [0x00000000e4000000,0x00000000e4000000,0x00000000e6300000)
 ParOldGen       total 141312K, used 67517K [0x0000000080000000, 0x0000000088a00000, 0x00000000d5580000)
  object space 141312K, 47% used [0x0000000080000000,0x00000000841ef568,0x0000000088a00000)
 Metaspace       used 88515K, capacity 92248K, committed 92328K, reserved 1128448K
  class space    used 11822K, capacity 12634K, committed 12712K, reserved 1048576K
}
Event: 212.012 GC heap before
{Heap before GC invocations=20 (full 3):
 PSYoungGen      total 267264K, used 257170K [0x00000000d5580000, 0x00000000e8780000, 0x0000000100000000)
  eden space 240128K, 95% used [0x00000000d5580000,0x00000000e3625bd0,0x00000000e4000000)
  from space 27136K, 99% used [0x00000000e6300000,0x00000000e7d7efc0,0x00000000e7d80000)
  to   space 35840K, 0% used [0x00000000e4000000,0x00000000e4000000,0x00000000e6300000)
 ParOldGen       total 141312K, used 67517K [0x0000000080000000, 0x0000000088a00000, 0x00000000d5580000)
  object space 141312K, 47% used [0x0000000080000000,0x00000000841ef568,0x0000000088a00000)
 Metaspace       used 94426K, capacity 98540K, committed 98600K, reserved 1134592K
  class space    used 12662K, capacity 13552K, committed 13608K, reserved 1048576K
Event: 212.148 GC heap after
Heap after GC invocations=20 (full 3):
 PSYoungGen      total 275968K, used 21733K [0x00000000d5580000, 0x00000000ea980000, 0x0000000100000000)
  eden space 240128K, 0% used [0x00000000d5580000,0x00000000d5580000,0x00000000e4000000)
  from space 35840K, 60% used [0x00000000e4000000,0x00000000e5539508,0x00000000e6300000)
  to   space 35840K, 0% used [0x00000000e8680000,0x00000000e8680000,0x00000000ea980000)
 ParOldGen       total 141312K, used 90084K [0x0000000080000000, 0x0000000088a00000, 0x00000000d5580000)
  object space 141312K, 63% used [0x0000000080000000,0x00000000857f93c0,0x0000000088a00000)
 Metaspace       used 94426K, capacity 98540K, committed 98600K, reserved 1134592K
  class space    used 12662K, capacity 13552K, committed 13608K, reserved 1048576K
}
Event: 212.148 GC heap before
{Heap before GC invocations=21 (full 4):
 PSYoungGen      total 275968K, used 21733K [0x00000000d5580000, 0x00000000ea980000, 0x0000000100000000)
  eden space 240128K, 0% used [0x00000000d5580000,0x00000000d5580000,0x00000000e4000000)
  from space 35840K, 60% used [0x00000000e4000000,0x00000000e5539508,0x00000000e6300000)
  to   space 35840K, 0% used [0x00000000e8680000,0x00000000e8680000,0x00000000ea980000)
 ParOldGen       total 141312K, used 90084K [0x0000000080000000, 0x0000000088a00000, 0x00000000d5580000)
  object space 141312K, 63% used [0x0000000080000000,0x00000000857f93c0,0x0000000088a00000)
 Metaspace       used 94426K, capacity 98540K, committed 98600K, reserved 1134592K
  class space    used 12662K, capacity 13552K, committed 13608K, reserved 1048576K
Event: 212.924 GC heap after
Heap after GC invocations=21 (full 4):
 PSYoungGen      total 275968K, used 0K [0x00000000d5580000, 0x00000000ea980000, 0x0000000100000000)
  eden space 240128K, 0% used [0x00000000d5580000,0x00000000d5580000,0x00000000e4000000)
  from space 35840K, 0% used [0x00000000e4000000,0x00000000e4000000,0x00000000e6300000)
  to   space 35840K, 0% used [0x00000000e8680000,0x00000000e8680000,0x00000000ea980000)
 ParOldGen       total 231936K, used 86895K [0x0000000080000000, 0x000000008e280000, 0x00000000d5580000)
  object space 231936K, 37% used [0x0000000080000000,0x00000000854dbd50,0x000000008e280000)
 Metaspace       used 94388K, capacity 98426K, committed 98600K, reserved 1134592K
  class space    used 12650K, capacity 13531K, committed 13608K, reserved 1048576K
}
Event: 342.820 GC heap before
{Heap before GC invocations=22 (full 4):
 PSYoungGen      total 275968K, used 240128K [0x00000000d5580000, 0x00000000ea980000, 0x0000000100000000)
  eden space 240128K, 100% used [0x00000000d5580000,0x00000000e4000000,0x00000000e4000000)
  from space 35840K, 0% used [0x00000000e4000000,0x00000000e4000000,0x00000000e6300000)
  to   space 35840K, 0% used [0x00000000e8680000,0x00000000e8680000,0x00000000ea980000)
 ParOldGen       total 231936K, used 86895K [0x0000000080000000, 0x000000008e280000, 0x00000000d5580000)
  object space 231936K, 37% used [0x0000000080000000,0x00000000854dbd50,0x000000008e280000)
 Metaspace       used 100448K, capacity 104922K, committed 105128K, reserved 1140736K
  class space    used 13175K, capacity 14128K, committed 14248K, reserved 1048576K
Event: 342.897 GC heap after
Heap after GC invocations=22 (full 4):
 PSYoungGen      total 310272K, used 20655K [0x00000000d5580000, 0x00000000ea880000, 0x0000000100000000)
  eden space 275456K, 0% used [0x00000000d5580000,0x00000000d5580000,0x00000000e6280000)
  from space 34816K, 59% used [0x00000000e8680000,0x00000000e9aabce0,0x00000000ea880000)
  to   space 35840K, 0% used [0x00000000e6280000,0x00000000e6280000,0x00000000e8580000)
 ParOldGen       total 231936K, used 86903K [0x0000000080000000, 0x000000008e280000, 0x00000000d5580000)
  object space 231936K, 37% used [0x0000000080000000,0x00000000854ddd50,0x000000008e280000)
 Metaspace       used 100448K, capacity 104922K, committed 105128K, reserved 1140736K
  class space    used 13175K, capacity 14128K, committed 14248K, reserved 1048576K
}

